<?xml version="1.0" encoding="UTF-8"?><testsuite errors="0" failures="0" name="com.virgingames.testsuite.JackpotBingoTest" skipped="0" tests="3" time="4.44" timestamp="2023-06-17T16:52:27.299+01:00[Europe/London]"><testcase classname="com.virgingames.testsuite.JackpotBingoTest" name="Verify when currency = GBP, then the response contain currency GBP only"/><testcase classname="com.virgingames.testsuite.JackpotBingoTest" name="Verify when currency = EUR, then the response contain currency Euro only"/><testcase classname="com.virgingames.testsuite.JackpotBingoTest" name="Verify when currency = SEK, then the response contain currency Swedish Krona only"/></testsuite>